<?xml version="1.0" encoding="UTF-8"?>
<testsuite xmlns:xsi="http://www.w3.org/2001/XMLSchema-instance" xsi:noNamespaceSchemaLocation="https://maven.apache.org/surefire/maven-surefire-plugin/xsd/surefire-test-report.xsd" name="com.ace.cache.test.unit.UserServiceTest" time="7.912" tests="6" errors="0" skipped="0" failures="0">
  <properties>
    <property name="sun.desktop" value="windows"/>
    <property name="awt.toolkit" value="sun.awt.windows.WToolkit"/>
    <property name="file.encoding.pkg" value="sun.io"/>
    <property name="java.specification.version" value="1.8"/>
    <property name="sun.cpu.isalist" value="amd64"/>
    <property name="sun.jnu.encoding" value="GBK"/>
    <property name="java.class.path" value="D:\git\dtguai-cloud\dtguai-cache\target\test-classes;D:\git\dtguai-cloud\dtguai-cache\target\classes;D:\maven_lib\org\springframework\boot\spring-boot-starter-aop\2.1.9.RELEASE\spring-boot-starter-aop-2.1.9.RELEASE.jar;D:\maven_lib\org\springframework\boot\spring-boot-starter\2.1.9.RELEASE\spring-boot-starter-2.1.9.RELEASE.jar;D:\maven_lib\org\springframework\boot\spring-boot\2.1.9.RELEASE\spring-boot-2.1.9.RELEASE.jar;D:\maven_lib\org\springframework\boot\spring-boot-autoconfigure\2.1.9.RELEASE\spring-boot-autoconfigure-2.1.9.RELEASE.jar;D:\maven_lib\org\springframework\boot\spring-boot-starter-logging\2.1.9.RELEASE\spring-boot-starter-logging-2.1.9.RELEASE.jar;D:\maven_lib\ch\qos\logback\logback-classic\1.2.3\logback-classic-1.2.3.jar;D:\maven_lib\ch\qos\logback\logback-core\1.2.3\logback-core-1.2.3.jar;D:\maven_lib\org\apache\logging\log4j\log4j-to-slf4j\2.11.2\log4j-to-slf4j-2.11.2.jar;D:\maven_lib\org\apache\logging\log4j\log4j-api\2.11.2\log4j-api-2.11.2.jar;D:\maven_lib\javax\annotation\javax.annotation-api\1.3.2\javax.annotation-api-1.3.2.jar;D:\maven_lib\org\yaml\snakeyaml\1.23\snakeyaml-1.23.jar;D:\maven_lib\org\springframework\spring-aop\5.1.7.RELEASE\spring-aop-5.1.7.RELEASE.jar;D:\maven_lib\org\springframework\spring-beans\5.1.7.RELEASE\spring-beans-5.1.7.RELEASE.jar;D:\maven_lib\org\aspectj\aspectjweaver\1.9.4\aspectjweaver-1.9.4.jar;D:\maven_lib\org\springframework\boot\spring-boot-starter-test\2.1.9.RELEASE\spring-boot-starter-test-2.1.9.RELEASE.jar;D:\maven_lib\org\springframework\boot\spring-boot-test\2.1.9.RELEASE\spring-boot-test-2.1.9.RELEASE.jar;D:\maven_lib\org\springframework\boot\spring-boot-test-autoconfigure\2.1.9.RELEASE\spring-boot-test-autoconfigure-2.1.9.RELEASE.jar;D:\maven_lib\com\jayway\jsonpath\json-path\2.4.0\json-path-2.4.0.jar;D:\maven_lib\net\minidev\json-smart\2.3\json-smart-2.3.jar;D:\maven_lib\net\minidev\accessors-smart\1.2\accessors-smart-1.2.jar;D:\maven_lib\org\ow2\asm\asm\5.0.4\asm-5.0.4.jar;D:\maven_lib\org\slf4j\slf4j-api\1.7.28\slf4j-api-1.7.28.jar;D:\maven_lib\junit\junit\4.12\junit-4.12.jar;D:\maven_lib\org\assertj\assertj-core\3.11.1\assertj-core-3.11.1.jar;D:\maven_lib\org\mockito\mockito-core\2.23.4\mockito-core-2.23.4.jar;D:\maven_lib\net\bytebuddy\byte-buddy\1.9.16\byte-buddy-1.9.16.jar;D:\maven_lib\net\bytebuddy\byte-buddy-agent\1.9.16\byte-buddy-agent-1.9.16.jar;D:\maven_lib\org\objenesis\objenesis\2.6\objenesis-2.6.jar;D:\maven_lib\org\hamcrest\hamcrest-core\1.3\hamcrest-core-1.3.jar;D:\maven_lib\org\hamcrest\hamcrest-library\1.3\hamcrest-library-1.3.jar;D:\maven_lib\org\skyscreamer\jsonassert\1.5.0\jsonassert-1.5.0.jar;D:\maven_lib\com\vaadin\external\google\android-json\0.0.20131108.vaadin1\android-json-0.0.20131108.vaadin1.jar;D:\maven_lib\org\springframework\spring-core\5.1.7.RELEASE\spring-core-5.1.7.RELEASE.jar;D:\maven_lib\org\springframework\spring-jcl\5.1.7.RELEASE\spring-jcl-5.1.7.RELEASE.jar;D:\maven_lib\org\springframework\spring-test\5.1.7.RELEASE\spring-test-5.1.7.RELEASE.jar;D:\maven_lib\org\xmlunit\xmlunit-core\2.6.3\xmlunit-core-2.6.3.jar;D:\maven_lib\org\springframework\boot\spring-boot-starter-web\2.1.9.RELEASE\spring-boot-starter-web-2.1.9.RELEASE.jar;D:\maven_lib\org\springframework\boot\spring-boot-starter-json\2.1.9.RELEASE\spring-boot-starter-json-2.1.9.RELEASE.jar;D:\maven_lib\com\fasterxml\jackson\core\jackson-databind\2.9.9.3\jackson-databind-2.9.9.3.jar;D:\maven_lib\com\fasterxml\jackson\core\jackson-annotations\2.9.0\jackson-annotations-2.9.0.jar;D:\maven_lib\com\fasterxml\jackson\core\jackson-core\2.9.9\jackson-core-2.9.9.jar;D:\maven_lib\com\fasterxml\jackson\datatype\jackson-datatype-jdk8\2.9.9\jackson-datatype-jdk8-2.9.9.jar;D:\maven_lib\com\fasterxml\jackson\datatype\jackson-datatype-jsr310\2.9.9\jackson-datatype-jsr310-2.9.9.jar;D:\maven_lib\com\fasterxml\jackson\module\jackson-module-parameter-names\2.9.9\jackson-module-parameter-names-2.9.9.jar;D:\maven_lib\org\springframework\boot\spring-boot-starter-tomcat\2.1.9.RELEASE\spring-boot-starter-tomcat-2.1.9.RELEASE.jar;D:\maven_lib\org\apache\tomcat\embed\tomcat-embed-core\9.0.26\tomcat-embed-core-9.0.26.jar;D:\maven_lib\org\apache\tomcat\embed\tomcat-embed-el\9.0.26\tomcat-embed-el-9.0.26.jar;D:\maven_lib\org\apache\tomcat\embed\tomcat-embed-websocket\9.0.26\tomcat-embed-websocket-9.0.26.jar;D:\maven_lib\org\hibernate\validator\hibernate-validator\6.0.17.Final\hibernate-validator-6.0.17.Final.jar;D:\maven_lib\javax\validation\validation-api\2.0.1.Final\validation-api-2.0.1.Final.jar;D:\maven_lib\org\jboss\logging\jboss-logging\3.3.3.Final\jboss-logging-3.3.3.Final.jar;D:\maven_lib\com\fasterxml\classmate\1.4.0\classmate-1.4.0.jar;D:\maven_lib\org\springframework\spring-web\5.1.7.RELEASE\spring-web-5.1.7.RELEASE.jar;D:\maven_lib\org\springframework\spring-webmvc\5.1.7.RELEASE\spring-webmvc-5.1.7.RELEASE.jar;D:\maven_lib\org\springframework\spring-context\5.1.7.RELEASE\spring-context-5.1.7.RELEASE.jar;D:\maven_lib\org\springframework\spring-expression\5.1.7.RELEASE\spring-expression-5.1.7.RELEASE.jar;D:\maven_lib\org\springframework\boot\spring-boot-starter-data-redis\2.1.9.RELEASE\spring-boot-starter-data-redis-2.1.9.RELEASE.jar;D:\maven_lib\org\springframework\data\spring-data-redis\2.1.11.RELEASE\spring-data-redis-2.1.11.RELEASE.jar;D:\maven_lib\org\springframework\data\spring-data-keyvalue\2.1.11.RELEASE\spring-data-keyvalue-2.1.11.RELEASE.jar;D:\maven_lib\org\springframework\data\spring-data-commons\2.1.11.RELEASE\spring-data-commons-2.1.11.RELEASE.jar;D:\maven_lib\org\springframework\spring-tx\5.1.7.RELEASE\spring-tx-5.1.7.RELEASE.jar;D:\maven_lib\org\springframework\spring-oxm\5.1.7.RELEASE\spring-oxm-5.1.7.RELEASE.jar;D:\maven_lib\org\springframework\spring-context-support\5.1.7.RELEASE\spring-context-support-5.1.7.RELEASE.jar;D:\maven_lib\io\lettuce\lettuce-core\5.1.8.RELEASE\lettuce-core-5.1.8.RELEASE.jar;D:\maven_lib\io\netty\netty-common\4.1.39.Final\netty-common-4.1.39.Final.jar;D:\maven_lib\io\netty\netty-handler\4.1.39.Final\netty-handler-4.1.39.Final.jar;D:\maven_lib\io\netty\netty-buffer\4.1.39.Final\netty-buffer-4.1.39.Final.jar;D:\maven_lib\io\netty\netty-codec\4.1.39.Final\netty-codec-4.1.39.Final.jar;D:\maven_lib\io\netty\netty-transport\4.1.39.Final\netty-transport-4.1.39.Final.jar;D:\maven_lib\io\netty\netty-resolver\4.1.39.Final\netty-resolver-4.1.39.Final.jar;D:\maven_lib\io\projectreactor\reactor-core\3.2.12.RELEASE\reactor-core-3.2.12.RELEASE.jar;D:\maven_lib\org\reactivestreams\reactive-streams\1.0.3\reactive-streams-1.0.3.jar;D:\maven_lib\org\apache\commons\commons-pool2\2.6.2\commons-pool2-2.6.2.jar;D:\maven_lib\com\alibaba\fastjson\1.2.62\fastjson-1.2.62.jar;D:\maven_lib\org\apache\commons\commons-lang3\3.8.1\commons-lang3-3.8.1.jar;D:\maven_lib\joda-time\joda-time\2.10.4\joda-time-2.10.4.jar;D:\maven_lib\org\springframework\boot\spring-boot-starter-log4j\1.3.8.RELEASE\spring-boot-starter-log4j-1.3.8.RELEASE.jar;D:\maven_lib\org\slf4j\jcl-over-slf4j\1.7.28\jcl-over-slf4j-1.7.28.jar;D:\maven_lib\org\slf4j\jul-to-slf4j\1.7.28\jul-to-slf4j-1.7.28.jar;D:\maven_lib\org\slf4j\slf4j-log4j12\1.7.28\slf4j-log4j12-1.7.28.jar;D:\maven_lib\log4j\log4j\1.2.17\log4j-1.2.17.jar;D:\maven_lib\org\projectlombok\lombok\1.18.10\lombok-1.18.10.jar;"/>
    <property name="java.vm.vendor" value="Oracle Corporation"/>
    <property name="sun.arch.data.model" value="64"/>
    <property name="user.variant" value=""/>
    <property name="java.vendor.url" value="http://java.oracle.com/"/>
    <property name="user.timezone" value="Asia/Shanghai"/>
    <property name="java.vm.specification.version" value="1.8"/>
    <property name="os.name" value="Windows 10"/>
    <property name="user.country" value="CN"/>
    <property name="sun.java.launcher" value="SUN_STANDARD"/>
    <property name="sun.boot.library.path" value="C:\Program Files\Java\jdk1.8.0_181\jre\bin"/>
    <property name="sun.java.command" value="C:\Users\guo\AppData\Local\Temp\surefire1929899857446881875\surefirebooter6059564023845767647.jar C:\Users\guo\AppData\Local\Temp\surefire1929899857446881875 2020-01-02T14-26-08_250-jvmRun1 surefire7757420843497340897tmp surefire_06658578666823993155tmp"/>
    <property name="surefire.test.class.path" value="D:\git\dtguai-cloud\dtguai-cache\target\test-classes;D:\git\dtguai-cloud\dtguai-cache\target\classes;D:\maven_lib\org\springframework\boot\spring-boot-starter-aop\2.1.9.RELEASE\spring-boot-starter-aop-2.1.9.RELEASE.jar;D:\maven_lib\org\springframework\boot\spring-boot-starter\2.1.9.RELEASE\spring-boot-starter-2.1.9.RELEASE.jar;D:\maven_lib\org\springframework\boot\spring-boot\2.1.9.RELEASE\spring-boot-2.1.9.RELEASE.jar;D:\maven_lib\org\springframework\boot\spring-boot-autoconfigure\2.1.9.RELEASE\spring-boot-autoconfigure-2.1.9.RELEASE.jar;D:\maven_lib\org\springframework\boot\spring-boot-starter-logging\2.1.9.RELEASE\spring-boot-starter-logging-2.1.9.RELEASE.jar;D:\maven_lib\ch\qos\logback\logback-classic\1.2.3\logback-classic-1.2.3.jar;D:\maven_lib\ch\qos\logback\logback-core\1.2.3\logback-core-1.2.3.jar;D:\maven_lib\org\apache\logging\log4j\log4j-to-slf4j\2.11.2\log4j-to-slf4j-2.11.2.jar;D:\maven_lib\org\apache\logging\log4j\log4j-api\2.11.2\log4j-api-2.11.2.jar;D:\maven_lib\javax\annotation\javax.annotation-api\1.3.2\javax.annotation-api-1.3.2.jar;D:\maven_lib\org\yaml\snakeyaml\1.23\snakeyaml-1.23.jar;D:\maven_lib\org\springframework\spring-aop\5.1.7.RELEASE\spring-aop-5.1.7.RELEASE.jar;D:\maven_lib\org\springframework\spring-beans\5.1.7.RELEASE\spring-beans-5.1.7.RELEASE.jar;D:\maven_lib\org\aspectj\aspectjweaver\1.9.4\aspectjweaver-1.9.4.jar;D:\maven_lib\org\springframework\boot\spring-boot-starter-test\2.1.9.RELEASE\spring-boot-starter-test-2.1.9.RELEASE.jar;D:\maven_lib\org\springframework\boot\spring-boot-test\2.1.9.RELEASE\spring-boot-test-2.1.9.RELEASE.jar;D:\maven_lib\org\springframework\boot\spring-boot-test-autoconfigure\2.1.9.RELEASE\spring-boot-test-autoconfigure-2.1.9.RELEASE.jar;D:\maven_lib\com\jayway\jsonpath\json-path\2.4.0\json-path-2.4.0.jar;D:\maven_lib\net\minidev\json-smart\2.3\json-smart-2.3.jar;D:\maven_lib\net\minidev\accessors-smart\1.2\accessors-smart-1.2.jar;D:\maven_lib\org\ow2\asm\asm\5.0.4\asm-5.0.4.jar;D:\maven_lib\org\slf4j\slf4j-api\1.7.28\slf4j-api-1.7.28.jar;D:\maven_lib\junit\junit\4.12\junit-4.12.jar;D:\maven_lib\org\assertj\assertj-core\3.11.1\assertj-core-3.11.1.jar;D:\maven_lib\org\mockito\mockito-core\2.23.4\mockito-core-2.23.4.jar;D:\maven_lib\net\bytebuddy\byte-buddy\1.9.16\byte-buddy-1.9.16.jar;D:\maven_lib\net\bytebuddy\byte-buddy-agent\1.9.16\byte-buddy-agent-1.9.16.jar;D:\maven_lib\org\objenesis\objenesis\2.6\objenesis-2.6.jar;D:\maven_lib\org\hamcrest\hamcrest-core\1.3\hamcrest-core-1.3.jar;D:\maven_lib\org\hamcrest\hamcrest-library\1.3\hamcrest-library-1.3.jar;D:\maven_lib\org\skyscreamer\jsonassert\1.5.0\jsonassert-1.5.0.jar;D:\maven_lib\com\vaadin\external\google\android-json\0.0.20131108.vaadin1\android-json-0.0.20131108.vaadin1.jar;D:\maven_lib\org\springframework\spring-core\5.1.7.RELEASE\spring-core-5.1.7.RELEASE.jar;D:\maven_lib\org\springframework\spring-jcl\5.1.7.RELEASE\spring-jcl-5.1.7.RELEASE.jar;D:\maven_lib\org\springframework\spring-test\5.1.7.RELEASE\spring-test-5.1.7.RELEASE.jar;D:\maven_lib\org\xmlunit\xmlunit-core\2.6.3\xmlunit-core-2.6.3.jar;D:\maven_lib\org\springframework\boot\spring-boot-starter-web\2.1.9.RELEASE\spring-boot-starter-web-2.1.9.RELEASE.jar;D:\maven_lib\org\springframework\boot\spring-boot-starter-json\2.1.9.RELEASE\spring-boot-starter-json-2.1.9.RELEASE.jar;D:\maven_lib\com\fasterxml\jackson\core\jackson-databind\2.9.9.3\jackson-databind-2.9.9.3.jar;D:\maven_lib\com\fasterxml\jackson\core\jackson-annotations\2.9.0\jackson-annotations-2.9.0.jar;D:\maven_lib\com\fasterxml\jackson\core\jackson-core\2.9.9\jackson-core-2.9.9.jar;D:\maven_lib\com\fasterxml\jackson\datatype\jackson-datatype-jdk8\2.9.9\jackson-datatype-jdk8-2.9.9.jar;D:\maven_lib\com\fasterxml\jackson\datatype\jackson-datatype-jsr310\2.9.9\jackson-datatype-jsr310-2.9.9.jar;D:\maven_lib\com\fasterxml\jackson\module\jackson-module-parameter-names\2.9.9\jackson-module-parameter-names-2.9.9.jar;D:\maven_lib\org\springframework\boot\spring-boot-starter-tomcat\2.1.9.RELEASE\spring-boot-starter-tomcat-2.1.9.RELEASE.jar;D:\maven_lib\org\apache\tomcat\embed\tomcat-embed-core\9.0.26\tomcat-embed-core-9.0.26.jar;D:\maven_lib\org\apache\tomcat\embed\tomcat-embed-el\9.0.26\tomcat-embed-el-9.0.26.jar;D:\maven_lib\org\apache\tomcat\embed\tomcat-embed-websocket\9.0.26\tomcat-embed-websocket-9.0.26.jar;D:\maven_lib\org\hibernate\validator\hibernate-validator\6.0.17.Final\hibernate-validator-6.0.17.Final.jar;D:\maven_lib\javax\validation\validation-api\2.0.1.Final\validation-api-2.0.1.Final.jar;D:\maven_lib\org\jboss\logging\jboss-logging\3.3.3.Final\jboss-logging-3.3.3.Final.jar;D:\maven_lib\com\fasterxml\classmate\1.4.0\classmate-1.4.0.jar;D:\maven_lib\org\springframework\spring-web\5.1.7.RELEASE\spring-web-5.1.7.RELEASE.jar;D:\maven_lib\org\springframework\spring-webmvc\5.1.7.RELEASE\spring-webmvc-5.1.7.RELEASE.jar;D:\maven_lib\org\springframework\spring-context\5.1.7.RELEASE\spring-context-5.1.7.RELEASE.jar;D:\maven_lib\org\springframework\spring-expression\5.1.7.RELEASE\spring-expression-5.1.7.RELEASE.jar;D:\maven_lib\org\springframework\boot\spring-boot-starter-data-redis\2.1.9.RELEASE\spring-boot-starter-data-redis-2.1.9.RELEASE.jar;D:\maven_lib\org\springframework\data\spring-data-redis\2.1.11.RELEASE\spring-data-redis-2.1.11.RELEASE.jar;D:\maven_lib\org\springframework\data\spring-data-keyvalue\2.1.11.RELEASE\spring-data-keyvalue-2.1.11.RELEASE.jar;D:\maven_lib\org\springframework\data\spring-data-commons\2.1.11.RELEASE\spring-data-commons-2.1.11.RELEASE.jar;D:\maven_lib\org\springframework\spring-tx\5.1.7.RELEASE\spring-tx-5.1.7.RELEASE.jar;D:\maven_lib\org\springframework\spring-oxm\5.1.7.RELEASE\spring-oxm-5.1.7.RELEASE.jar;D:\maven_lib\org\springframework\spring-context-support\5.1.7.RELEASE\spring-context-support-5.1.7.RELEASE.jar;D:\maven_lib\io\lettuce\lettuce-core\5.1.8.RELEASE\lettuce-core-5.1.8.RELEASE.jar;D:\maven_lib\io\netty\netty-common\4.1.39.Final\netty-common-4.1.39.Final.jar;D:\maven_lib\io\netty\netty-handler\4.1.39.Final\netty-handler-4.1.39.Final.jar;D:\maven_lib\io\netty\netty-buffer\4.1.39.Final\netty-buffer-4.1.39.Final.jar;D:\maven_lib\io\netty\netty-codec\4.1.39.Final\netty-codec-4.1.39.Final.jar;D:\maven_lib\io\netty\netty-transport\4.1.39.Final\netty-transport-4.1.39.Final.jar;D:\maven_lib\io\netty\netty-resolver\4.1.39.Final\netty-resolver-4.1.39.Final.jar;D:\maven_lib\io\projectreactor\reactor-core\3.2.12.RELEASE\reactor-core-3.2.12.RELEASE.jar;D:\maven_lib\org\reactivestreams\reactive-streams\1.0.3\reactive-streams-1.0.3.jar;D:\maven_lib\org\apache\commons\commons-pool2\2.6.2\commons-pool2-2.6.2.jar;D:\maven_lib\com\alibaba\fastjson\1.2.62\fastjson-1.2.62.jar;D:\maven_lib\org\apache\commons\commons-lang3\3.8.1\commons-lang3-3.8.1.jar;D:\maven_lib\joda-time\joda-time\2.10.4\joda-time-2.10.4.jar;D:\maven_lib\org\springframework\boot\spring-boot-starter-log4j\1.3.8.RELEASE\spring-boot-starter-log4j-1.3.8.RELEASE.jar;D:\maven_lib\org\slf4j\jcl-over-slf4j\1.7.28\jcl-over-slf4j-1.7.28.jar;D:\maven_lib\org\slf4j\jul-to-slf4j\1.7.28\jul-to-slf4j-1.7.28.jar;D:\maven_lib\org\slf4j\slf4j-log4j12\1.7.28\slf4j-log4j12-1.7.28.jar;D:\maven_lib\log4j\log4j\1.2.17\log4j-1.2.17.jar;D:\maven_lib\org\projectlombok\lombok\1.18.10\lombok-1.18.10.jar;"/>
    <property name="sun.cpu.endian" value="little"/>
    <property name="user.home" value="C:\Users\guo"/>
    <property name="user.language" value="zh"/>
    <property name="java.specification.vendor" value="Oracle Corporation"/>
    <property name="java.home" value="C:\Program Files\Java\jdk1.8.0_181\jre"/>
    <property name="basedir" value="D:\git\dtguai-cloud\dtguai-cache"/>
    <property name="file.separator" value="\"/>
    <property name="line.separator" value="&#10;"/>
    <property name="java.vm.specification.vendor" value="Oracle Corporation"/>
    <property name="java.specification.name" value="Java Platform API Specification"/>
    <property name="java.awt.graphicsenv" value="sun.awt.Win32GraphicsEnvironment"/>
    <property name="surefire.real.class.path" value="C:\Users\guo\AppData\Local\Temp\surefire1929899857446881875\surefirebooter6059564023845767647.jar"/>
    <property name="sun.boot.class.path" value="C:\Program Files\Java\jdk1.8.0_181\jre\lib\resources.jar;C:\Program Files\Java\jdk1.8.0_181\jre\lib\rt.jar;C:\Program Files\Java\jdk1.8.0_181\jre\lib\sunrsasign.jar;C:\Program Files\Java\jdk1.8.0_181\jre\lib\jsse.jar;C:\Program Files\Java\jdk1.8.0_181\jre\lib\jce.jar;C:\Program Files\Java\jdk1.8.0_181\jre\lib\charsets.jar;C:\Program Files\Java\jdk1.8.0_181\jre\lib\jfr.jar;C:\Program Files\Java\jdk1.8.0_181\jre\classes"/>
    <property name="user.script" value=""/>
    <property name="sun.management.compiler" value="HotSpot 64-Bit Tiered Compilers"/>
    <property name="java.runtime.version" value="1.8.0_181-b13"/>
    <property name="user.name" value="guo"/>
    <property name="path.separator" value=";"/>
    <property name="os.version" value="10.0"/>
    <property name="java.endorsed.dirs" value="C:\Program Files\Java\jdk1.8.0_181\jre\lib\endorsed"/>
    <property name="java.runtime.name" value="Java(TM) SE Runtime Environment"/>
    <property name="file.encoding" value="GBK"/>
    <property name="java.vm.name" value="Java HotSpot(TM) 64-Bit Server VM"/>
    <property name="localRepository" value="D:\maven_lib"/>
    <property name="java.vendor.url.bug" value="http://bugreport.sun.com/bugreport/"/>
    <property name="java.io.tmpdir" value="C:\Users\guo\AppData\Local\Temp\"/>
    <property name="java.version" value="1.8.0_181"/>
    <property name="user.dir" value="D:\git\dtguai-cloud\dtguai-cache"/>
    <property name="os.arch" value="amd64"/>
    <property name="java.vm.specification.name" value="Java Virtual Machine Specification"/>
    <property name="java.awt.printerjob" value="sun.awt.windows.WPrinterJob"/>
    <property name="idea.version2019.3.1" value="true"/>
    <property name="sun.os.patch.level" value=""/>
    <property name="java.library.path" value="C:\Program Files\Java\jdk1.8.0_181\jre\bin;C:\WINDOWS\Sun\Java\bin;C:\WINDOWS\system32;C:\WINDOWS;C:\Program Files (x86)\Common Files\Oracle\Java\javapath;C:\Windows\system32;C:\Windows;C:\Windows\System32\Wbem;C:\Windows\System32\WindowsPowerShell\v1.0\;C:\Program Files (x86)\NVIDIA Corporation\PhysX\Common;C:\Program Files\Java\jdk1.8.0_181\bin;D:\apache-maven\bin;C:\WINDOWS\system32;C:\WINDOWS;C:\WINDOWS\System32\Wbem;C:\WINDOWS\System32\WindowsPowerShell\v1.0\;C:\Program Files\Intel\WiFi\bin\;C:\Program Files\Common Files\Intel\WirelessCommon\;C:\WINDOWS\System32\OpenSSH\;D:\PLSQL Developer 12\instantclient_12_2;C:\Program Files\nodejs\;D:\gradle-4.9\bin;D:\PortableGit\bin;C:\Users\guo\AppData\Local\Programs\Python\Python37-32;C:\Users\guo\AppData\Local\Microsoft\WindowsApps;C:\Program Files\Intel\WiFi\bin\;C:\Program Files\Common Files\Intel\WirelessCommon\;C:\Users\guo\AppData\Roaming\npm;D:\WebStorm\bin;;D:\Microsoft VS Code\bin;."/>
    <property name="java.vm.info" value="mixed mode"/>
    <property name="java.vendor" value="Oracle Corporation"/>
    <property name="java.vm.version" value="25.181-b13"/>
    <property name="java.ext.dirs" value="C:\Program Files\Java\jdk1.8.0_181\jre\lib\ext;C:\WINDOWS\Sun\Java\lib\ext"/>
    <property name="sun.io.unicode.encoding" value="UnicodeLittle"/>
    <property name="maven.repo.local" value="D:\maven_lib"/>
    <property name="java.class.version" value="52.0"/>
  </properties>
  <testcase name="testSave" classname="com.ace.cache.test.unit.UserServiceTest" time="2.053"/>
  <testcase name="testGetList" classname="com.ace.cache.test.unit.UserServiceTest" time="0.203"/>
  <testcase name="testGetUser" classname="com.ace.cache.test.unit.UserServiceTest" time="0.074"/>
  <testcase name="testByKeyGenerator" classname="com.ace.cache.test.unit.UserServiceTest" time="0.075"/>
  <testcase name="testGetMap" classname="com.ace.cache.test.unit.UserServiceTest" time="0.077"/>
  <testcase name="testGetSet" classname="com.ace.cache.test.unit.UserServiceTest" time="0.077"/>
</testsuite>